<?xml version="1.0" encoding="UTF-8"?>
<!-- Generated by org.testng.reporters.JUnitReportReporter -->
<testsuite hostname="M3102945" failures="0" tests="1" name="quickacademy.MavenJava.Test2" time="0.000" errors="0" timestamp="18 May 2020 20:47:20 GMT" skipped="0">
  <testcase classname="quickacademy.MavenJava.Test2" name="demoTest2" time="0.000"/>
</testsuite> <!-- quickacademy.MavenJava.Test2 -->
