<?xml version="1.0" encoding="UTF-8"?>
<!-- Generated by org.testng.reporters.JUnitReportReporter -->
<testsuite hostname="M3102945" failures="0" tests="1" name="quickacademy.MavenJava.Test1" time="0.005" errors="0" timestamp="18 May 2020 20:47:59 GMT" skipped="0">
  <testcase classname="quickacademy.MavenJava.Test1" name="demo" time="0.005"/>
</testsuite> <!-- quickacademy.MavenJava.Test1 -->
