<?xml version="1.0" encoding="UTF-8"?>
<!-- Generated by org.testng.reporters.JUnitReportReporter -->
<testsuite skipped="0" hostname="M3102945" name="tests.FlightBooking" tests="2" failures="0" timestamp="30 Aug 2020 15:17:23 GMT" time="1.936" errors="0">
  <testcase name="selectDestinations" time="1.265" classname="tests.FlightBooking"/>
  <testcase name="reserveFlight" time="0.671" classname="tests.FlightBooking"/>
</testsuite> <!-- tests.FlightBooking -->
