<?xml version="1.0" encoding="UTF-8"?>
<!-- Generated by org.testng.reporters.JUnitReportReporter -->
<testsuite skipped="0" hostname="M3102945" name="tests.Test2" tests="1" failures="0" timestamp="27 Aug 2020 16:18:44 GMT" time="1.003" errors="0">
  <testcase name="reserveFlight" time="1.003" classname="tests.Test2"/>
</testsuite> <!-- tests.Test2 -->
