<?xml version="1.0" encoding="UTF-8"?>
<!-- Generated by org.testng.reporters.JUnitReportReporter -->
<testsuite skipped="0" hostname="M3102945" name="tests.FlightBookingwithExcel" tests="4" failures="0" timestamp="22 Sep 2020 14:02:00 GMT" time="3.916" errors="0">
  <testcase name="selectDestinations" time="1.108" classname="tests.FlightBookingwithExcel"/>
  <testcase name="bookFlight" time="1.260" classname="tests.FlightBookingwithExcel"/>
  <testcase name="passengerDetails" time="1.470" classname="tests.FlightBookingwithExcel"/>
  <testcase name="flightConfirmation" time="0.078" classname="tests.FlightBookingwithExcel"/>
</testsuite> <!-- tests.FlightBookingwithExcel -->
