<?xml version="1.0" encoding="UTF-8"?>
<!-- Generated by org.testng.reporters.JUnitReportReporter -->
<testsuite skipped="0" hostname="M3102945" name="quickacademy.MavenJava.Test1" tests="1" failures="0" timestamp="25 May 2020 20:11:36 GMT" time="20.384" errors="0">
  <testcase name="demo" time="20.384" classname="quickacademy.MavenJava.Test1"/>
</testsuite> <!-- quickacademy.MavenJava.Test1 -->
